e:\lab oop\lab_01\oop\debug\lab01_oop.pch
e:\lab oop\lab_01\oop\debug\vc140.pdb
e:\lab oop\lab_01\oop\debug\stdafx.obj
e:\lab oop\lab_01\oop\debug\form_event.obj
e:\lab oop\lab_01\oop\debug\figureinit.obj
e:\lab oop\lab_01\oop\debug\pointmodif.obj
e:\lab oop\lab_01\oop\debug\pointinit.obj
e:\lab oop\lab_01\oop\debug\pointarr.obj
e:\lab oop\lab_01\oop\debug\modifinit.obj
e:\lab oop\lab_01\oop\debug\matrix.obj
e:\lab oop\lab_01\oop\debug\lab01_oop.obj
e:\lab oop\lab_01\oop\debug\intarray.obj
e:\lab oop\lab_01\oop\debug\drawinit.obj
e:\lab oop\lab_01\oop\debug\figureloadfile.obj
e:\lab oop\lab_01\oop\debug\figuredraw.obj
e:\lab oop\lab_01\oop\debug\figuredelete.obj
e:\lab oop\lab_01\oop\debug\figuremodif.obj
e:\lab oop\lab_01\oop\debug\assemblyinfo.obj
e:\lab oop\lab_01\oop\debug\.netframework,version=v4.5.2.assemblyattributes.obj
e:\lab oop\lab_01\oop\debug\.netframework,version=v4.5.2.assemblyattributes.asm
e:\lab oop\lab_01\oop\debug\oop.form1.resources
e:\lab oop\lab_01\debug\lab01_oop.exe
e:\lab oop\lab_01\debug\lab01_oop.pdb
e:\lab oop\lab_01\oop\debug\app.res
e:\lab oop\lab_01\oop\debug\oop.vcxproj.generateresource.cache
e:\lab oop\lab_01\oop\debug\lab01_oop.tlog\cl.command.1.tlog
e:\lab oop\lab_01\oop\debug\lab01_oop.tlog\cl.read.1.tlog
e:\lab oop\lab_01\oop\debug\lab01_oop.tlog\cl.write.1.tlog
e:\lab oop\lab_01\oop\debug\lab01_oop.tlog\lab01_oop.write.1u.tlog
e:\lab oop\lab_01\oop\debug\lab01_oop.tlog\link.command.1.tlog
e:\lab oop\lab_01\oop\debug\lab01_oop.tlog\link.read.1.tlog
e:\lab oop\lab_01\oop\debug\lab01_oop.tlog\link.write.1.tlog
e:\lab oop\lab_01\oop\debug\lab01_oop.tlog\metagen.read.1.tlog
e:\lab oop\lab_01\oop\debug\lab01_oop.tlog\metagen.write.1.tlog
e:\lab oop\lab_01\oop\debug\lab01_oop.tlog\rc.command.1.tlog
e:\lab oop\lab_01\oop\debug\lab01_oop.tlog\rc.read.1.tlog
e:\lab oop\lab_01\oop\debug\lab01_oop.tlog\rc.write.1.tlog
e:\lab oop\lab_01\oop\debug\lab01_oop.tlog\tzres.dll.bi
