d:\oop-master\lab_01\oop\debug\vc140.pdb
d:\oop-master\lab_01\oop\debug\.netframework,version=v4.5.2.assemblyattributes.obj
d:\oop-master\lab_01\oop\debug\.netframework,version=v4.5.2.assemblyattributes.asm
d:\oop-master\lab_01\oop\debug\work.obj
d:\oop-master\lab_01\oop\debug\convertpoint.obj
d:\oop-master\lab_01\oop\debug\vectors.obj
d:\oop-master\lab_01\oop\debug\points.obj
d:\oop-master\lab_01\oop\debug\main.obj
d:\oop-master\lab_01\oop\debug\figure.obj
d:\oop-master\lab_01\oop\debug\oop.obj
d:\oop-master\lab_01\oop\debug\mod.obj
d:\oop-master\lab_01\oop\debug\init.obj
d:\oop-master\lab_01\oop\debug\file.obj
d:\oop-master\lab_01\oop\debug\draw.obj
d:\oop-master\lab_01\oop\debug\delete.obj
d:\oop-master\lab_01\oop\debug\oop.pch
d:\oop-master\lab_01\oop\debug\stdafx.obj
d:\oop-master\lab_01\oop\debug\main1.obj
d:\oop-master\lab_01\oop\debug\assemblyinfo.obj
d:\oop-master\lab_01\oop\debug\form_event.obj
d:\oop-master\lab_01\oop\debug\figuremodif.obj
d:\oop-master\lab_01\oop\debug\figuredraw.obj
d:\oop-master\lab_01\oop\debug\figuredelete.obj
d:\oop-master\lab_01\oop\debug\pointmodif.obj
d:\oop-master\lab_01\oop\debug\figureloadfile.obj
d:\oop-master\lab_01\oop\debug\oop.form1.resources
d:\oop-master\lab_01\oop\debug\app.res
d:\oop-master\lab_01\oop\debug\oop.vcxproj.generateresource.cache
d:\oop-master\lab_01\oop\debug\oop.vcxprojresolveassemblyreference.cache
d:\oop-master\lab_01\debug\oop.pdb
d:\oop-master\lab_01\oop\debug\oop.tlog\cl.command.1.tlog
d:\oop-master\lab_01\oop\debug\oop.tlog\cl.read.1.tlog
d:\oop-master\lab_01\oop\debug\oop.tlog\cl.write.1.tlog
d:\oop-master\lab_01\oop\debug\oop.tlog\link.16924-cvtres.read.1.tlog
d:\oop-master\lab_01\oop\debug\oop.tlog\link.16924-cvtres.write.1.tlog
d:\oop-master\lab_01\oop\debug\oop.tlog\link.16924-rc.read.1.tlog
d:\oop-master\lab_01\oop\debug\oop.tlog\link.16924-rc.write.1.tlog
d:\oop-master\lab_01\oop\debug\oop.tlog\link.16924.read.1.tlog
d:\oop-master\lab_01\oop\debug\oop.tlog\link.16924.write.1.tlog
d:\oop-master\lab_01\oop\debug\oop.tlog\link.command.1.tlog
d:\oop-master\lab_01\oop\debug\oop.tlog\link.read.1.tlog
d:\oop-master\lab_01\oop\debug\oop.tlog\link.write.1.tlog
d:\oop-master\lab_01\oop\debug\oop.tlog\metagen.read.1.tlog
d:\oop-master\lab_01\oop\debug\oop.tlog\metagen.write.1.tlog
d:\oop-master\lab_01\oop\debug\oop.tlog\oop.write.1u.tlog
d:\oop-master\lab_01\oop\debug\oop.tlog\rc.command.1.tlog
d:\oop-master\lab_01\oop\debug\oop.tlog\rc.read.1.tlog
d:\oop-master\lab_01\oop\debug\oop.tlog\rc.write.1.tlog
d:\oop-master\lab_01\oop\debug\oop.tlog\tzres.dll.bi
